URI : 2020-11-04 20:57:25 GET /
GET : []
POST : []
FILES : []
SESSION : []
SERVER : {
    "DOCUMENT_ROOT": "\/home\/eric\/data\/WORK\/PROJECT\/TOOL\/PHOENIX\/STARTER\/www",
    "REMOTE_ADDR": "127.0.0.1",
    "REMOTE_PORT": "58388",
    "SERVER_SOFTWARE": "PHP 7.2.24-0ubuntu0.18.04.7 Development Server",
    "SERVER_PROTOCOL": "HTTP\/1.1",
    "SERVER_NAME": "localhost",
    "SERVER_PORT": "8080",
    "REQUEST_URI": "\/",
    "REQUEST_METHOD": "GET",
    "SCRIPT_NAME": "\/index.php",
    "SCRIPT_FILENAME": "\/home\/eric\/data\/WORK\/PROJECT\/TOOL\/PHOENIX\/STARTER\/www\/index.php",
    "PHP_SELF": "\/index.php",
    "HTTP_HOST": "localhost:8080",
    "HTTP_USER_AGENT": "Mozilla\/5.0 (X11; Ubuntu; Linux x86_64; rv:82.0) Gecko\/20100101 Firefox\/82.0",
    "HTTP_ACCEPT": "text\/html,application\/xhtml+xml,application\/xml;q=0.9,image\/webp,*\/*;q=0.8",
    "HTTP_ACCEPT_LANGUAGE": "en-US,en;q=0.5",
    "HTTP_ACCEPT_ENCODING": "gzip, deflate",
    "HTTP_CONNECTION": "keep-alive",
    "HTTP_COOKIE": "PHPSESSID=arh1bchooqanrhi4rer360d65i",
    "HTTP_UPGRADE_INSECURE_REQUESTS": "1",
    "REQUEST_TIME_FLOAT": 1604519845.716387,
    "REQUEST_TIME": 1604519845
}
URI : 2020-11-04 20:57:25 GET /captcha
GET : []
POST : []
FILES : []
SESSION : []
SERVER : {
    "DOCUMENT_ROOT": "\/home\/eric\/data\/WORK\/PROJECT\/TOOL\/PHOENIX\/STARTER\/www",
    "REMOTE_ADDR": "127.0.0.1",
    "REMOTE_PORT": "58396",
    "SERVER_SOFTWARE": "PHP 7.2.24-0ubuntu0.18.04.7 Development Server",
    "SERVER_PROTOCOL": "HTTP\/1.1",
    "SERVER_NAME": "localhost",
    "SERVER_PORT": "8080",
    "REQUEST_URI": "\/captcha",
    "REQUEST_METHOD": "GET",
    "SCRIPT_NAME": "\/index.php",
    "SCRIPT_FILENAME": "\/home\/eric\/data\/WORK\/PROJECT\/TOOL\/PHOENIX\/STARTER\/www\/index.php",
    "PATH_INFO": "\/captcha",
    "PHP_SELF": "\/index.php\/captcha",
    "HTTP_HOST": "localhost:8080",
    "HTTP_USER_AGENT": "Mozilla\/5.0 (X11; Ubuntu; Linux x86_64; rv:82.0) Gecko\/20100101 Firefox\/82.0",
    "HTTP_ACCEPT": "image\/webp,*\/*",
    "HTTP_ACCEPT_LANGUAGE": "en-US,en;q=0.5",
    "HTTP_ACCEPT_ENCODING": "gzip, deflate",
    "HTTP_CONNECTION": "keep-alive",
    "HTTP_REFERER": "http:\/\/localhost:8080\/",
    "HTTP_COOKIE": "PHPSESSID=arh1bchooqanrhi4rer360d65i",
    "REQUEST_TIME_FLOAT": 1604519845.775246,
    "REQUEST_TIME": 1604519845
}
